<?xml version="1.0" encoding="UTF-8"?>
<!-- Generated by org.testng.reporters.JUnitReportReporter -->
<testsuite hostname="KOUASSI" failures="0" tests="1" name="testacademy.ScrollDemo" time="9.480" errors="0" timestamp="2022-11-17T11:59:50 GMT" skipped="0">
  <testcase classname="testacademy.ScrollDemo" name="ScrollDemoTest" time="9.480"/>
  <system-out/>
</testsuite> <!-- testacademy.ScrollDemo -->
