<?xml version="1.0" encoding="UTF-8"?>
<!-- Generated by org.testng.reporters.JUnitReportReporter -->
<testsuite hostname="KOUASSI" failures="0" tests="1" name="testacademy.AppiumBasics" time="8.090" errors="0" timestamp="2022-11-17T09:59:10 GMT" skipped="0">
  <testcase classname="testacademy.AppiumBasics" name="AppiumTest" time="8.090"/>
  <system-out/>
</testsuite> <!-- testacademy.AppiumBasics -->
