<?xml version="1.0" encoding="UTF-8"?>
<!-- Generated by org.testng.reporters.JUnitReportReporter -->
<testsuite hostname="KOUASSI" failures="0" tests="1" name="testacademy.DragDropDemo" time="6.453" errors="0" timestamp="2022-11-17T17:09:58 GMT" skipped="0">
  <testcase classname="testacademy.DragDropDemo" name="DragDropTest" time="6.453"/>
  <system-out/>
</testsuite> <!-- testacademy.DragDropDemo -->
