<?xml version="1.0" encoding="UTF-8"?>
<!-- Generated by org.testng.reporters.JUnitReportReporter -->
<testsuite hostname="KOUASSI" failures="0" tests="1" name="testacademy.ecommerce_tc_3" time="20.214" errors="0" timestamp="2022-11-22T14:55:23 GMT" skipped="0">
  <testcase classname="testacademy.ecommerce_tc_3" name="FillForm" time="20.214"/>
  <system-out/>
</testsuite> <!-- testacademy.ecommerce_tc_3 -->
