<?xml version="1.0" encoding="UTF-8"?>
<!-- Generated by org.testng.reporters.JUnitReportReporter -->
<testsuite hostname="KOUASSI" failures="0" tests="1" name="testacademy.ecommerce_tc_2" time="19.695" errors="0" timestamp="2022-11-18T14:06:07 GMT" skipped="0">
  <testcase classname="testacademy.ecommerce_tc_2" name="FillForm" time="19.695"/>
  <system-out/>
</testsuite> <!-- testacademy.ecommerce_tc_2 -->
