<?xml version="1.0" encoding="UTF-8"?>
<!-- Generated by org.testng.reporters.JUnitReportReporter -->
<testsuite hostname="KOUASSI" failures="0" tests="1" name="testacademy.ecommerce_tc_1" time="11.696" errors="0" timestamp="2022-11-18T10:00:58 GMT" skipped="0">
  <testcase classname="testacademy.ecommerce_tc_1" name="FillForm" time="11.696"/>
  <system-out/>
</testsuite> <!-- testacademy.ecommerce_tc_1 -->
