<?xml version="1.0" encoding="UTF-8"?>
<!-- Generated by org.testng.reporters.JUnitReportReporter -->
<testsuite hostname="KOUASSI" failures="0" tests="1" name="testacademy.SwipeDemo" time="7.317" errors="0" timestamp="2022-11-17T15:03:50 GMT" skipped="0">
  <testcase classname="testacademy.SwipeDemo" name="SwipeDemoTest" time="7.317"/>
  <system-out/>
</testsuite> <!-- testacademy.SwipeDemo -->
