<?xml version="1.0" encoding="UTF-8"?>
<!-- Generated by org.testng.reporters.JUnitReportReporter -->
<testsuite hostname="KOUASSI" failures="0" tests="1" name="testacademy.LongPress" time="9.288" errors="0" timestamp="2022-11-17T11:16:41 GMT" skipped="0">
  <testcase classname="testacademy.LongPress" name="LongPressGesture" time="9.288"/>
  <system-out/>
</testsuite> <!-- testacademy.LongPress -->
