<?xml version="1.0" encoding="UTF-8"?>
<!-- Generated by org.testng.reporters.JUnitReportReporter -->
<testsuite hostname="KOUASSI" failures="0" tests="1" name="testacademy.ecommerce_tc_4_Hybrid" time="30.974" errors="0" timestamp="2022-11-24T10:23:15 GMT" skipped="0">
  <testcase classname="testacademy.ecommerce_tc_4_Hybrid" name="FillForm" time="30.974"/>
  <system-out/>
</testsuite> <!-- testacademy.ecommerce_tc_4_Hybrid -->
